Determining if the pthread_create exist failed with the following output:
Change Dir: /home/anupam/Desktop/CarND-T3-P4-Capstone/ros/build/CMakeFiles/CMakeTmp

Run Build Command:"/usr/bin/make" "cmTC_d3ee7/fast"
/usr/bin/make -f CMakeFiles/cmTC_d3ee7.dir/build.make CMakeFiles/cmTC_d3ee7.dir/build
make[1]: Entering directory '/home/anupam/Desktop/CarND-T3-P4-Capstone/ros/build/CMakeFiles/CMakeTmp'
Building C object CMakeFiles/cmTC_d3ee7.dir/CheckSymbolExists.c.o
/usr/bin/cc     -o CMakeFiles/cmTC_d3ee7.dir/CheckSymbolExists.c.o   -c /home/anupam/Desktop/CarND-T3-P4-Capstone/ros/build/CMakeFiles/CMakeTmp/CheckSymbolExists.c
Linking C executable cmTC_d3ee7
/usr/bin/cmake -E cmake_link_script CMakeFiles/cmTC_d3ee7.dir/link.txt --verbose=1
/usr/bin/cc       CMakeFiles/cmTC_d3ee7.dir/CheckSymbolExists.c.o  -o cmTC_d3ee7 -rdynamic 
CMakeFiles/cmTC_d3ee7.dir/CheckSymbolExists.c.o: In function `main':
CheckSymbolExists.c:(.text+0x16): undefined reference to `pthread_create'
collect2: error: ld returned 1 exit status
CMakeFiles/cmTC_d3ee7.dir/build.make:97: recipe for target 'cmTC_d3ee7' failed
make[1]: *** [cmTC_d3ee7] Error 1
make[1]: Leaving directory '/home/anupam/Desktop/CarND-T3-P4-Capstone/ros/build/CMakeFiles/CMakeTmp'
Makefile:126: recipe for target 'cmTC_d3ee7/fast' failed
make: *** [cmTC_d3ee7/fast] Error 2

File /home/anupam/Desktop/CarND-T3-P4-Capstone/ros/build/CMakeFiles/CMakeTmp/CheckSymbolExists.c:
/* */
#include <pthread.h>

int main(int argc, char** argv)
{
  (void)argv;
#ifndef pthread_create
  return ((int*)(&pthread_create))[argc];
#else
  (void)argc;
  return 0;
#endif
}

Determining if the function pthread_create exists in the pthreads failed with the following output:
Change Dir: /home/anupam/Desktop/CarND-T3-P4-Capstone/ros/build/CMakeFiles/CMakeTmp

Run Build Command:"/usr/bin/make" "cmTC_ce611/fast"
/usr/bin/make -f CMakeFiles/cmTC_ce611.dir/build.make CMakeFiles/cmTC_ce611.dir/build
make[1]: Entering directory '/home/anupam/Desktop/CarND-T3-P4-Capstone/ros/build/CMakeFiles/CMakeTmp'
Building C object CMakeFiles/cmTC_ce611.dir/CheckFunctionExists.c.o
/usr/bin/cc    -DCHECK_FUNCTION_EXISTS=pthread_create   -o CMakeFiles/cmTC_ce611.dir/CheckFunctionExists.c.o   -c /usr/share/cmake-3.5/Modules/CheckFunctionExists.c
Linking C executable cmTC_ce611
/usr/bin/cmake -E cmake_link_script CMakeFiles/cmTC_ce611.dir/link.txt --verbose=1
/usr/bin/cc   -DCHECK_FUNCTION_EXISTS=pthread_create    CMakeFiles/cmTC_ce611.dir/CheckFunctionExists.c.o  -o cmTC_ce611 -rdynamic -lpthreads 
/usr/bin/ld: cannot find -lpthreads
collect2: error: ld returned 1 exit status
CMakeFiles/cmTC_ce611.dir/build.make:97: recipe for target 'cmTC_ce611' failed
make[1]: *** [cmTC_ce611] Error 1
make[1]: Leaving directory '/home/anupam/Desktop/CarND-T3-P4-Capstone/ros/build/CMakeFiles/CMakeTmp'
Makefile:126: recipe for target 'cmTC_ce611/fast' failed
make: *** [cmTC_ce611/fast] Error 2


